<?xml version="1.0" encoding="UTF-8"?>
<testsuite xmlns:xsi="http://www.w3.org/2001/XMLSchema-instance" xsi:noNamespaceSchemaLocation="https://maven.apache.org/surefire/maven-surefire-plugin/xsd/surefire-test-report-3.0.xsd" version="3.0" name="edu.yu.cs.com1320.project.PersistentManagerTest" time="1.365" tests="3" errors="0" skipped="0" failures="0">
  <properties>
    <property name="sun.desktop" value="windows"/>
    <property name="awt.toolkit" value="sun.awt.windows.WToolkit"/>
    <property name="java.specification.version" value="11"/>
    <property name="sun.cpu.isalist" value="amd64"/>
    <property name="sun.jnu.encoding" value="Cp1252"/>
    <property name="java.class.path" value="c:\CompSci\Friedman_Max_800625752\DataStructures\project\stage5\target\test-classes;c:\CompSci\Friedman_Max_800625752\DataStructures\project\stage5\target\classes;C:\Users\mxef8\.m2\repository\org\junit\jupiter\junit-jupiter-api\5.7.1\junit-jupiter-api-5.7.1.jar;C:\Users\mxef8\.m2\repository\org\apiguardian\apiguardian-api\1.1.0\apiguardian-api-1.1.0.jar;C:\Users\mxef8\.m2\repository\org\opentest4j\opentest4j\1.2.0\opentest4j-1.2.0.jar;C:\Users\mxef8\.m2\repository\org\junit\platform\junit-platform-commons\1.7.1\junit-platform-commons-1.7.1.jar;C:\Users\mxef8\.m2\repository\org\junit\jupiter\junit-jupiter-engine\5.7.1\junit-jupiter-engine-5.7.1.jar;C:\Users\mxef8\.m2\repository\org\junit\platform\junit-platform-engine\1.7.1\junit-platform-engine-1.7.1.jar;C:\Users\mxef8\.m2\repository\junit\junit\4.12\junit-4.12.jar;C:\Users\mxef8\.m2\repository\org\hamcrest\hamcrest-core\1.3\hamcrest-core-1.3.jar;C:\Users\mxef8\.m2\repository\org\junit\vintage\junit-vintage-engine\5.7.1\junit-vintage-engine-5.7.1.jar;C:\Users\mxef8\.m2\repository\com\google\code\gson\gson\2.8.6\gson-2.8.6.jar;C:\Users\mxef8\.m2\repository\org\apache\maven\plugins\maven-surefire-plugin\3.0.0-M5\maven-surefire-plugin-3.0.0-M5.jar;C:\Users\mxef8\.m2\repository\org\apache\maven\surefire\maven-surefire-common\3.0.0-M5\maven-surefire-common-3.0.0-M5.jar;C:\Users\mxef8\.m2\repository\org\apache\maven\surefire\surefire-api\3.0.0-M5\surefire-api-3.0.0-M5.jar;C:\Users\mxef8\.m2\repository\org\apache\maven\surefire\surefire-extensions-api\3.0.0-M5\surefire-extensions-api-3.0.0-M5.jar;C:\Users\mxef8\.m2\repository\org\apache\maven\surefire\surefire-booter\3.0.0-M5\surefire-booter-3.0.0-M5.jar;C:\Users\mxef8\.m2\repository\org\apache\maven\surefire\surefire-extensions-spi\3.0.0-M5\surefire-extensions-spi-3.0.0-M5.jar;C:\Users\mxef8\.m2\repository\org\apache\maven\maven-toolchain\3.0-alpha-2\maven-toolchain-3.0-alpha-2.jar;C:\Users\mxef8\.m2\repository\org\apache\maven\shared\maven-artifact-transfer\0.11.0\maven-artifact-transfer-0.11.0.jar;C:\Users\mxef8\.m2\repository\org\apache\maven\shared\maven-common-artifact-filters\3.0.1\maven-common-artifact-filters-3.0.1.jar;C:\Users\mxef8\.m2\repository\org\apache\maven\maven-model\3.0\maven-model-3.0.jar;C:\Users\mxef8\.m2\repository\org\apache\maven\maven-plugin-api\3.0\maven-plugin-api-3.0.jar;C:\Users\mxef8\.m2\repository\org\sonatype\sisu\sisu-inject-plexus\1.4.2\sisu-inject-plexus-1.4.2.jar;C:\Users\mxef8\.m2\repository\org\codehaus\plexus\plexus-classworlds\2.2.3\plexus-classworlds-2.2.3.jar;C:\Users\mxef8\.m2\repository\org\sonatype\sisu\sisu-inject-bean\1.4.2\sisu-inject-bean-1.4.2.jar;C:\Users\mxef8\.m2\repository\org\sonatype\sisu\sisu-guice\2.1.7\sisu-guice-2.1.7-noaop.jar;C:\Users\mxef8\.m2\repository\org\apache\maven\shared\maven-shared-utils\3.1.0\maven-shared-utils-3.1.0.jar;C:\Users\mxef8\.m2\repository\commons-io\commons-io\2.5\commons-io-2.5.jar;C:\Users\mxef8\.m2\repository\commons-codec\commons-codec\1.11\commons-codec-1.11.jar;C:\Users\mxef8\.m2\repository\org\codehaus\plexus\plexus-java\1.0.5\plexus-java-1.0.5.jar;C:\Users\mxef8\.m2\repository\org\ow2\asm\asm\7.2\asm-7.2.jar;C:\Users\mxef8\.m2\repository\com\thoughtworks\qdox\qdox\2.0-M9\qdox-2.0-M9.jar;C:\Users\mxef8\.m2\repository\org\apache\maven\surefire\surefire-report-parser\3.0.0-M5\surefire-report-parser-3.0.0-M5.jar;C:\Users\mxef8\.m2\repository\org\apache\maven\surefire\surefire-logger-api\3.0.0-M5\surefire-logger-api-3.0.0-M5.jar;C:\Users\mxef8\.m2\repository\org\apache\maven\surefire\surefire-shared-utils\3.0.0-M4\surefire-shared-utils-3.0.0-M4.jar;C:\Users\mxef8\.m2\repository\org\apache\maven\reporting\maven-reporting-api\3.0\maven-reporting-api-3.0.jar;C:\Users\mxef8\.m2\repository\org\apache\maven\doxia\doxia-sink-api\1.0\doxia-sink-api-1.0.jar;C:\Users\mxef8\.m2\repository\jakarta\xml\bind\jakarta.xml.bind-api\3.0.0\jakarta.xml.bind-api-3.0.0.jar;C:\Users\mxef8\.m2\repository\com\sun\activation\jakarta.activation\2.0.0\jakarta.activation-2.0.0.jar;C:\Users\mxef8\.m2\repository\com\sun\xml\bind\jaxb-impl\3.0.0\jaxb-impl-3.0.0.jar;C:\Users\mxef8\.m2\repository\com\sun\xml\bind\jaxb-core\3.0.0\jaxb-core-3.0.0.jar;"/>
    <property name="java.vm.vendor" value="Oracle Corporation"/>
    <property name="sun.arch.data.model" value="64"/>
    <property name="user.variant" value=""/>
    <property name="java.vendor.url" value="https://openjdk.java.net/"/>
    <property name="user.timezone" value="America/Chicago"/>
    <property name="java.vm.specification.version" value="11"/>
    <property name="os.name" value="Windows 10"/>
    <property name="sun.java.launcher" value="SUN_STANDARD"/>
    <property name="user.country" value="US"/>
    <property name="sun.boot.library.path" value="C:\Program Files\Java\jdk-11.0.8\bin"/>
    <property name="sun.java.command" value="C:\Users\mxef8\AppData\Local\Temp\surefire2823087351577150179\surefirebooter16313995639868332623.jar C:\Users\mxef8\AppData\Local\Temp\surefire2823087351577150179 2021-07-04T19-30-01_283-jvmRun1 surefire12204096290815743329tmp surefire_010148869642106414061tmp"/>
    <property name="jdk.debug" value="release"/>
    <property name="surefire.test.class.path" value="c:\CompSci\Friedman_Max_800625752\DataStructures\project\stage5\target\test-classes;c:\CompSci\Friedman_Max_800625752\DataStructures\project\stage5\target\classes;C:\Users\mxef8\.m2\repository\org\junit\jupiter\junit-jupiter-api\5.7.1\junit-jupiter-api-5.7.1.jar;C:\Users\mxef8\.m2\repository\org\apiguardian\apiguardian-api\1.1.0\apiguardian-api-1.1.0.jar;C:\Users\mxef8\.m2\repository\org\opentest4j\opentest4j\1.2.0\opentest4j-1.2.0.jar;C:\Users\mxef8\.m2\repository\org\junit\platform\junit-platform-commons\1.7.1\junit-platform-commons-1.7.1.jar;C:\Users\mxef8\.m2\repository\org\junit\jupiter\junit-jupiter-engine\5.7.1\junit-jupiter-engine-5.7.1.jar;C:\Users\mxef8\.m2\repository\org\junit\platform\junit-platform-engine\1.7.1\junit-platform-engine-1.7.1.jar;C:\Users\mxef8\.m2\repository\junit\junit\4.12\junit-4.12.jar;C:\Users\mxef8\.m2\repository\org\hamcrest\hamcrest-core\1.3\hamcrest-core-1.3.jar;C:\Users\mxef8\.m2\repository\org\junit\vintage\junit-vintage-engine\5.7.1\junit-vintage-engine-5.7.1.jar;C:\Users\mxef8\.m2\repository\com\google\code\gson\gson\2.8.6\gson-2.8.6.jar;C:\Users\mxef8\.m2\repository\org\apache\maven\plugins\maven-surefire-plugin\3.0.0-M5\maven-surefire-plugin-3.0.0-M5.jar;C:\Users\mxef8\.m2\repository\org\apache\maven\surefire\maven-surefire-common\3.0.0-M5\maven-surefire-common-3.0.0-M5.jar;C:\Users\mxef8\.m2\repository\org\apache\maven\surefire\surefire-api\3.0.0-M5\surefire-api-3.0.0-M5.jar;C:\Users\mxef8\.m2\repository\org\apache\maven\surefire\surefire-extensions-api\3.0.0-M5\surefire-extensions-api-3.0.0-M5.jar;C:\Users\mxef8\.m2\repository\org\apache\maven\surefire\surefire-booter\3.0.0-M5\surefire-booter-3.0.0-M5.jar;C:\Users\mxef8\.m2\repository\org\apache\maven\surefire\surefire-extensions-spi\3.0.0-M5\surefire-extensions-spi-3.0.0-M5.jar;C:\Users\mxef8\.m2\repository\org\apache\maven\maven-toolchain\3.0-alpha-2\maven-toolchain-3.0-alpha-2.jar;C:\Users\mxef8\.m2\repository\org\apache\maven\shared\maven-artifact-transfer\0.11.0\maven-artifact-transfer-0.11.0.jar;C:\Users\mxef8\.m2\repository\org\apache\maven\shared\maven-common-artifact-filters\3.0.1\maven-common-artifact-filters-3.0.1.jar;C:\Users\mxef8\.m2\repository\org\apache\maven\maven-model\3.0\maven-model-3.0.jar;C:\Users\mxef8\.m2\repository\org\apache\maven\maven-plugin-api\3.0\maven-plugin-api-3.0.jar;C:\Users\mxef8\.m2\repository\org\sonatype\sisu\sisu-inject-plexus\1.4.2\sisu-inject-plexus-1.4.2.jar;C:\Users\mxef8\.m2\repository\org\codehaus\plexus\plexus-classworlds\2.2.3\plexus-classworlds-2.2.3.jar;C:\Users\mxef8\.m2\repository\org\sonatype\sisu\sisu-inject-bean\1.4.2\sisu-inject-bean-1.4.2.jar;C:\Users\mxef8\.m2\repository\org\sonatype\sisu\sisu-guice\2.1.7\sisu-guice-2.1.7-noaop.jar;C:\Users\mxef8\.m2\repository\org\apache\maven\shared\maven-shared-utils\3.1.0\maven-shared-utils-3.1.0.jar;C:\Users\mxef8\.m2\repository\commons-io\commons-io\2.5\commons-io-2.5.jar;C:\Users\mxef8\.m2\repository\commons-codec\commons-codec\1.11\commons-codec-1.11.jar;C:\Users\mxef8\.m2\repository\org\codehaus\plexus\plexus-java\1.0.5\plexus-java-1.0.5.jar;C:\Users\mxef8\.m2\repository\org\ow2\asm\asm\7.2\asm-7.2.jar;C:\Users\mxef8\.m2\repository\com\thoughtworks\qdox\qdox\2.0-M9\qdox-2.0-M9.jar;C:\Users\mxef8\.m2\repository\org\apache\maven\surefire\surefire-report-parser\3.0.0-M5\surefire-report-parser-3.0.0-M5.jar;C:\Users\mxef8\.m2\repository\org\apache\maven\surefire\surefire-logger-api\3.0.0-M5\surefire-logger-api-3.0.0-M5.jar;C:\Users\mxef8\.m2\repository\org\apache\maven\surefire\surefire-shared-utils\3.0.0-M4\surefire-shared-utils-3.0.0-M4.jar;C:\Users\mxef8\.m2\repository\org\apache\maven\reporting\maven-reporting-api\3.0\maven-reporting-api-3.0.jar;C:\Users\mxef8\.m2\repository\org\apache\maven\doxia\doxia-sink-api\1.0\doxia-sink-api-1.0.jar;C:\Users\mxef8\.m2\repository\jakarta\xml\bind\jakarta.xml.bind-api\3.0.0\jakarta.xml.bind-api-3.0.0.jar;C:\Users\mxef8\.m2\repository\com\sun\activation\jakarta.activation\2.0.0\jakarta.activation-2.0.0.jar;C:\Users\mxef8\.m2\repository\com\sun\xml\bind\jaxb-impl\3.0.0\jaxb-impl-3.0.0.jar;C:\Users\mxef8\.m2\repository\com\sun\xml\bind\jaxb-core\3.0.0\jaxb-core-3.0.0.jar;"/>
    <property name="sun.cpu.endian" value="little"/>
    <property name="user.home" value="C:\Users\mxef8"/>
    <property name="user.language" value="en"/>
    <property name="java.specification.vendor" value="Oracle Corporation"/>
    <property name="java.version.date" value="2020-07-14"/>
    <property name="java.home" value="C:\Program Files\Java\jdk-11.0.8"/>
    <property name="file.separator" value="\"/>
    <property name="basedir" value="c:\CompSci\Friedman_Max_800625752\DataStructures\project\stage5"/>
    <property name="java.vm.compressedOopsMode" value="32-bit"/>
    <property name="line.separator" value="&#10;"/>
    <property name="java.specification.name" value="Java Platform API Specification"/>
    <property name="java.vm.specification.vendor" value="Oracle Corporation"/>
    <property name="java.awt.graphicsenv" value="sun.awt.Win32GraphicsEnvironment"/>
    <property name="surefire.real.class.path" value="C:\Users\mxef8\AppData\Local\Temp\surefire2823087351577150179\surefirebooter16313995639868332623.jar"/>
    <property name="user.script" value=""/>
    <property name="sun.management.compiler" value="HotSpot 64-Bit Tiered Compilers"/>
    <property name="java.runtime.version" value="11.0.8+10-LTS"/>
    <property name="user.name" value="mxef8"/>
    <property name="path.separator" value=";"/>
    <property name="os.version" value="10.0"/>
    <property name="java.runtime.name" value="Java(TM) SE Runtime Environment"/>
    <property name="file.encoding" value="Cp1252"/>
    <property name="java.vm.name" value="Java HotSpot(TM) 64-Bit Server VM"/>
    <property name="java.vendor.version" value="18.9"/>
    <property name="localRepository" value="C:\Users\mxef8\.m2\repository"/>
    <property name="java.vendor.url.bug" value="https://bugreport.java.com/bugreport/"/>
    <property name="java.io.tmpdir" value="C:\Users\mxef8\AppData\Local\Temp\"/>
    <property name="java.version" value="11.0.8"/>
    <property name="user.dir" value="c:\CompSci\Friedman_Max_800625752\DataStructures\project\stage5"/>
    <property name="os.arch" value="amd64"/>
    <property name="java.vm.specification.name" value="Java Virtual Machine Specification"/>
    <property name="java.awt.printerjob" value="sun.awt.windows.WPrinterJob"/>
    <property name="sun.os.patch.level" value=""/>
    <property name="java.library.path" value="C:\Program Files\Java\jdk-11.0.8\bin;C:\WINDOWS\Sun\Java\bin;C:\WINDOWS\system32;C:\WINDOWS;c:\Program Files\Java\jdk11.0.8\bin;C:\Program Files\Common Files\Oracle\Java\javapath;C:\WINDOWS\system32;C:\WINDOWS;C:\WINDOWS\System32\Wbem;C:\WINDOWS\System32\WindowsPowerShell\v1.0\;C:\WINDOWS\System32\OpenSSH\;C:\Program Files\PowerShell\7-preview\preview;C:\Program Files\nodejs\;C:\Program Files\PuTTY\;C:\Program Files\Amazon\AWSCLIV2\;C:\Program Files\Git\cmd;C:\Users\mxef8\AppData\Local\Programs\Python\Python39\Scripts\;C:\Users\mxef8\AppData\Local\Programs\Python\Python39\;C:\Users\mxef8\AppData\Local\Microsoft\WindowsApps;C:\Users\mxef8\AppData\Local\Programs\Microsoft VS Code\bin;C:\Program Files\apache-maven-3.6.3\bin;C:\Users\mxef8\AppData\Local\GitHubDesktop\bin;C:\Users\mxef8\AppData\Roaming\npm;C:\Users\mxef8\AppData\Local\Google\Cloud SDK\google-cloud-sdk\bin;."/>
    <property name="java.vendor" value="Oracle Corporation"/>
    <property name="java.vm.info" value="mixed mode"/>
    <property name="java.vm.version" value="11.0.8+10-LTS"/>
    <property name="sun.io.unicode.encoding" value="UnicodeLittle"/>
    <property name="java.class.version" value="55.0"/>
  </properties>
  <testcase name="stage5TestSerializationPath" classname="edu.yu.cs.com1320.project.PersistentManagerTest" time="1.113">
    <system-out><![CDATA[pm
serialize
{"documentText":"This is the text of doc1 in plain text No fancy file format just plain old String Computer Headphones.","key":"http://edu.yu.cs/com1320/project/doc1","wordMap":{"no":1,"fancy":1,"string":1,"in":1,"old":1,"headphones":1,"this":1,"format":1,"is":1,"the":1,"computer":1,"file":1,"doc1":1,"plain":2,"of":1,"text":2,"just":1}}
succesful serialize
serialize
{"documentText":"Text for doc2 A plain old String","key":"http://edu.yu.cs/com1320/project/doc2","wordMap":{"a":1,"string":1,"doc2":1,"plain":1,"old":1,"for":1,"text":1}}
succesful serialize
serialize
{"documentText":"Text for NYU doc2 A plain old String","key":"http://cs.nyu.edu/datastructs/project/doc2","wordMap":{"a":1,"string":1,"doc2":1,"plain":1,"old":1,"for":1,"text":1,"nyu":1}}
succesful serialize
]]></system-out>
  </testcase>
  <testcase name="stage5TestSerializationContent" classname="edu.yu.cs.com1320.project.PersistentManagerTest" time="0.103">
    <system-out><![CDATA[pm
serialize
{"documentText":"This is the text of doc1 in plain text No fancy file format just plain old String Computer Headphones.","key":"http://edu.yu.cs/com1320/project/doc1","wordMap":{"no":1,"fancy":1,"string":1,"in":1,"old":1,"headphones":1,"this":1,"format":1,"is":1,"the":1,"computer":1,"file":1,"doc1":1,"plain":2,"of":1,"text":2,"just":1}}
succesful serialize
serialize
{"documentText":"Text for doc2 A plain old String","key":"http://edu.yu.cs/com1320/project/doc2","wordMap":{"a":1,"string":1,"doc2":1,"plain":1,"old":1,"for":1,"text":1}}
succesful serialize
serialize
{"documentText":"Text for NYU doc2 A plain old String","key":"http://cs.nyu.edu/datastructs/project/doc2","wordMap":{"a":1,"string":1,"doc2":1,"plain":1,"old":1,"for":1,"text":1,"nyu":1}}
succesful serialize
]]></system-out>
  </testcase>
  <testcase name="stage5TestDeserialization" classname="edu.yu.cs.com1320.project.PersistentManagerTest" time="0.14">
    <system-out><![CDATA[pm
serialize
{"documentText":"This is the text of doc1 in plain text No fancy file format just plain old String Computer Headphones.","key":"http://edu.yu.cs/com1320/project/doc1","wordMap":{"no":1,"fancy":1,"string":1,"in":1,"old":1,"headphones":1,"this":1,"format":1,"is":1,"the":1,"computer":1,"file":1,"doc1":1,"plain":2,"of":1,"text":2,"just":1}}
succesful serialize
serialize
{"documentText":"Text for doc2 A plain old String","key":"http://edu.yu.cs/com1320/project/doc2","wordMap":{"a":1,"string":1,"doc2":1,"plain":1,"old":1,"for":1,"text":1}}
succesful serialize
serialize
{"documentText":"Text for NYU doc2 A plain old String","key":"http://cs.nyu.edu/datastructs/project/doc2","wordMap":{"a":1,"string":1,"doc2":1,"plain":1,"old":1,"for":1,"text":1,"nyu":1}}
succesful serialize
deserialize>
deserialize>
deserialize>
]]></system-out>
  </testcase>
</testsuite>