<?xml version="1.0" encoding="UTF-8"?>
<testsuite xmlns:xsi="http://www.w3.org/2001/XMLSchema-instance" xsi:noNamespaceSchemaLocation="https://maven.apache.org/surefire/maven-surefire-plugin/xsd/surefire-test-report.xsd" name="edu.yu.introtoalgs.IntersectRectanglesTest" time="0.107" tests="5" errors="0" skipped="0" failures="0">
  <properties>
    <property name="sun.desktop" value="windows"/>
    <property name="awt.toolkit" value="sun.awt.windows.WToolkit"/>
    <property name="java.specification.version" value="11"/>
    <property name="sun.cpu.isalist" value="amd64"/>
    <property name="sun.jnu.encoding" value="Cp1252"/>
    <property name="java.class.path" value="c:\CompSci\Friedman_Max_800625752\IntroToAlgorithms\assignments\IntersectRectangles\target\test-classes;c:\CompSci\Friedman_Max_800625752\IntroToAlgorithms\assignments\IntersectRectangles\target\classes;C:\Users\mxef8\.m2\repository\junit\junit\4.11\junit-4.11.jar;C:\Users\mxef8\.m2\repository\org\hamcrest\hamcrest-core\1.3\hamcrest-core-1.3.jar;"/>
    <property name="java.vm.vendor" value="Oracle Corporation"/>
    <property name="sun.arch.data.model" value="64"/>
    <property name="user.variant" value=""/>
    <property name="java.vendor.url" value="https://openjdk.java.net/"/>
    <property name="user.timezone" value="America/New_York"/>
    <property name="java.vm.specification.version" value="11"/>
    <property name="os.name" value="Windows 10"/>
    <property name="sun.java.launcher" value="SUN_STANDARD"/>
    <property name="user.country" value="US"/>
    <property name="sun.boot.library.path" value="C:\Program Files\Java\jdk-11.0.8\bin"/>
    <property name="sun.java.command" value="C:\Users\mxef8\AppData\Local\Temp\surefire953330935314401240\surefirebooter12381729670115294314.jar C:\Users\mxef8\AppData\Local\Temp\surefire953330935314401240 2021-09-02T14-42-58_861-jvmRun1 surefire17324189892359595056tmp surefire_06573347692142832999tmp"/>
    <property name="jdk.debug" value="release"/>
    <property name="surefire.test.class.path" value="c:\CompSci\Friedman_Max_800625752\IntroToAlgorithms\assignments\IntersectRectangles\target\test-classes;c:\CompSci\Friedman_Max_800625752\IntroToAlgorithms\assignments\IntersectRectangles\target\classes;C:\Users\mxef8\.m2\repository\junit\junit\4.11\junit-4.11.jar;C:\Users\mxef8\.m2\repository\org\hamcrest\hamcrest-core\1.3\hamcrest-core-1.3.jar;"/>
    <property name="sun.cpu.endian" value="little"/>
    <property name="user.home" value="C:\Users\mxef8"/>
    <property name="user.language" value="en"/>
    <property name="java.specification.vendor" value="Oracle Corporation"/>
    <property name="java.version.date" value="2020-07-14"/>
    <property name="java.home" value="C:\Program Files\Java\jdk-11.0.8"/>
    <property name="file.separator" value="\"/>
    <property name="basedir" value="c:\CompSci\Friedman_Max_800625752\IntroToAlgorithms\assignments\IntersectRectangles"/>
    <property name="java.vm.compressedOopsMode" value="32-bit"/>
    <property name="line.separator" value="&#10;"/>
    <property name="java.specification.name" value="Java Platform API Specification"/>
    <property name="java.vm.specification.vendor" value="Oracle Corporation"/>
    <property name="java.awt.graphicsenv" value="sun.awt.Win32GraphicsEnvironment"/>
    <property name="surefire.real.class.path" value="C:\Users\mxef8\AppData\Local\Temp\surefire953330935314401240\surefirebooter12381729670115294314.jar"/>
    <property name="user.script" value=""/>
    <property name="sun.management.compiler" value="HotSpot 64-Bit Tiered Compilers"/>
    <property name="java.runtime.version" value="11.0.8+10-LTS"/>
    <property name="user.name" value="mxef8"/>
    <property name="path.separator" value=";"/>
    <property name="os.version" value="10.0"/>
    <property name="java.runtime.name" value="Java(TM) SE Runtime Environment"/>
    <property name="file.encoding" value="Cp1252"/>
    <property name="java.vm.name" value="Java HotSpot(TM) 64-Bit Server VM"/>
    <property name="java.vendor.version" value="18.9"/>
    <property name="localRepository" value="C:\Users\mxef8\.m2\repository"/>
    <property name="java.vendor.url.bug" value="https://bugreport.java.com/bugreport/"/>
    <property name="java.io.tmpdir" value="C:\Users\mxef8\AppData\Local\Temp\"/>
    <property name="java.version" value="11.0.8"/>
    <property name="user.dir" value="c:\CompSci\Friedman_Max_800625752\IntroToAlgorithms\assignments\IntersectRectangles"/>
    <property name="os.arch" value="amd64"/>
    <property name="java.vm.specification.name" value="Java Virtual Machine Specification"/>
    <property name="java.awt.printerjob" value="sun.awt.windows.WPrinterJob"/>
    <property name="sun.os.patch.level" value=""/>
    <property name="java.library.path" value="C:\Program Files\Java\jdk-11.0.8\bin;C:\WINDOWS\Sun\Java\bin;C:\WINDOWS\system32;C:\WINDOWS;c:\Program Files\Java\jdk11.0.8\bin;C:\Program Files\Common Files\Oracle\Java\javapath;C:\WINDOWS\system32;C:\WINDOWS;C:\WINDOWS\System32\Wbem;C:\WINDOWS\System32\WindowsPowerShell\v1.0\;C:\WINDOWS\System32\OpenSSH\;C:\Program Files\PowerShell\7-preview\preview;C:\Program Files\nodejs\;C:\Program Files\PuTTY\;C:\Program Files\Amazon\AWSCLIV2\;C:\Program Files\Git\cmd;C:\Program Files\Docker\Docker\resources\bin;C:\ProgramData\DockerDesktop\version-bin;C:\Users\mxef8\AppData\Local\Programs\Python\Python39\Scripts\;C:\Users\mxef8\AppData\Local\Programs\Python\Python39\;C:\Users\mxef8\AppData\Local\Microsoft\WindowsApps;C:\Users\mxef8\AppData\Local\Programs\Microsoft VS Code\bin;C:\Program Files\apache-maven-3.6.3\bin;C:\Users\mxef8\AppData\Local\GitHubDesktop\bin;C:\Users\mxef8\AppData\Roaming\npm;C:\Users\mxef8\AppData\Local\Google\Cloud SDK\google-cloud-sdk\bin;."/>
    <property name="java.vendor" value="Oracle Corporation"/>
    <property name="java.vm.info" value="mixed mode"/>
    <property name="java.vm.version" value="11.0.8+10-LTS"/>
    <property name="sun.io.unicode.encoding" value="UnicodeLittle"/>
    <property name="java.class.version" value="55.0"/>
  </properties>
  <testcase name="simpleRectangleTest" classname="edu.yu.introtoalgs.IntersectRectanglesTest" time="0.022"/>
  <testcase name="simpleRectangleTest2" classname="edu.yu.introtoalgs.IntersectRectanglesTest" time="0.003"/>
  <testcase name="equalsTest" classname="edu.yu.introtoalgs.IntersectRectanglesTest" time="0"/>
  <testcase name="rectangleTest3" classname="edu.yu.introtoalgs.IntersectRectanglesTest" time="0.003"/>
  <testcase name="hashCodeTest" classname="edu.yu.introtoalgs.IntersectRectanglesTest" time="0"/>
</testsuite>